This is XeTeX, Version 3.14159265-2.6-0.999991 (TeX Live 2019/Debian) (preloaded format=xelatex 2020.3.26)  26 APR 2020 11:32
entering extended mode
 \write18 enabled.
 %&-line parsing enabled.
**init-org.tex
(./init-org.tex
LaTeX2e <2020-02-02> patch level 2
L3 programming layer <2020-02-14>
! Interruption.
\cs_if_free:NF ...eturn_true: \fi: \fi: \exp_end: 
                                                  {}
l.1 
    % Created 2020-04-26 日 11:32
? 
! Emergency stop.
\cs_if_free:NF ...eturn_true: \fi: \fi: \exp_end: 
                                                  {}
l.1 
    % Created 2020-04-26 日 11:32
End of file on the terminal!

 
Here is how much of TeX's memory you used:
 4 strings out of 479819
 46 string characters out of 5895846
 243732 words of memory out of 5000000
 17229 multiletter control sequences out of 15000+600000
 532338 words of font info for 24 fonts, out of 8000000 for 9000
 1348 hyphenation exceptions out of 8191
 12i,0n,15p,43b,8s stack positions out of 5000i,500n,10000p,200000b,80000s
No pages of output.
